C51 COMPILER V9.57.0.0   TL                                                                03/28/2018 18:06:16 PAGE 1   


C51 COMPILER V9.57.0.0, COMPILATION OF MODULE TL
OBJECT MODULE PLACED IN TL.OBJ
COMPILER INVOKED BY: C:\Keil_v5\C51\BIN\C51.EXE TL.c OPTIMIZE(8,SPEED) BROWSE DEBUG OBJECTEXTEND TABS(2)

line level    source

   1          #include<reg52.h>       
   2          #include<delay51.h>
   3          
   4          sbit BUTTON_ON =P3^2;
   5          sbit BUTTON_ST =P3^3;
   6          sbit BUTTON_GW = P1^7;
   7           
   8          sbit LED_RED=P1^0; 
   9          sbit LED_YELLOW=P1^1; 
  10          sbit LED_GREEN=P1^2; 
  11          
  12          
  13          #define YELLOWBLINK 1
  14          #define YELLOWUP 2
  15          #define RED 3
  16          #define YELLOWDOWN 4
  17          #define GREEN  5
  18          #define GREENWAVE 6
  19          
  20          #define T1 1000
  21          #define T2 5000
  22          #define T3 T2*3
  23          
  24          
  25          unsigned char state = YELLOWBLINK;
  26          unsigned char nextState;
  27          
  28          bit unPushed = 0;
  29          
  30          void StateTransition();
  31          void delay_us(unsigned int uSeconds);
  32          void delay_ms(unsigned int mSeconds);
  33          
  34          
  35          
  36          void delay_us(unsigned int uSeconds)
  37          {
  38   1        uSeconds = 0xFFFF - uSeconds; 
  39   1        TMOD |= 0x10;    
  40   1        TL1 = uSeconds;     
  41   1        TH1 = uSeconds>>8;  
  42   1        TR1 = 1;    
  43   1        while (TF1==0); 
  44   1        TR1 = 0;    
  45   1        TF1 = 0;  
  46   1      }
  47          
  48          
  49          void delay_ms(unsigned int mSeconds)
  50          {
  51   1        while (mSeconds--)
  52   1        {
  53   2          delay_us(1000);
  54   2        }
  55   1        
C51 COMPILER V9.57.0.0   TL                                                                03/28/2018 18:06:16 PAGE 2   

  56   1        state = nextState;
  57   1      }
  58          
  59          
  60          void main (void)
  61          { 
  62   1        while(1)
  63   1        {
  64   2          StateTransition();
  65   2        }
  66   1      }
  67          
  68          
  69          void StateTransition()  
  70          { 
  71   1           switch(state)
  72   1             {
  73   2               case YELLOWBLINK:
  74   2                 
  75   2                    if(BUTTON_ON == 0)
  76   2                    {
  77   3                        nextState = YELLOWUP;                 
  78   3                    }
  79   2                  
  80   2                    else 
  81   2                    {
  82   3                        nextState = YELLOWBLINK;
  83   3                    }
  84   2                  
  85   2                    break;
  86   2                            
  87   2                case YELLOWUP:
  88   2                    
  89   2                    if(BUTTON_ST == 1 || BUTTON_ON == 1)
  90   2                    {
  91   3                        nextState = YELLOWBLINK;
  92   3                    }
  93   2                    
  94   2                    else if (BUTTON_ST == 0)
  95   2                    {
  96   3                        nextState = RED;
  97   3                    } 
  98   2      
  99   2                    if (BUTTON_GW == 1)
 100   2                    {
 101   3                        unPushed = 0;
 102   3                    }
 103   2                    
 104   2                    break;
 105   2                    
 106   2                case RED:
 107   2      
 108   2                    if(BUTTON_ST == 1 || BUTTON_ON == 1)
 109   2                    {
 110   3                        nextState = YELLOWBLINK;
 111   3                    }
 112   2                    
 113   2                    else if (BUTTON_ST == 0)
 114   2                    {
 115   3                        nextState = YELLOWDOWN;
 116   3                    } 
 117   2                    
C51 COMPILER V9.57.0.0   TL                                                                03/28/2018 18:06:16 PAGE 3   

 118   2                    break;
 119   2                
 120   2                case YELLOWDOWN:
 121   2      
 122   2                    if(BUTTON_ST == 1 || BUTTON_ON == 1)
 123   2                    {
 124   3                        nextState = YELLOWBLINK;
 125   3                    }
 126   2                    
 127   2                    else if (BUTTON_ST == 0)
 128   2                    {
 129   3                        nextState = GREEN;
 130   3                    } 
 131   2                    
 132   2                    if (BUTTON_GW == 0 && unPushed == 0)
 133   2                    {
 134   3                        nextState = GREENWAVE;
 135   3                    }
 136   2                    
 137   2                    break;
 138   2                
 139   2                case GREEN:
 140   2      
 141   2                    if(BUTTON_ST == 1 || BUTTON_ON == 1)
 142   2                    {
 143   3                        nextState = YELLOWBLINK;
 144   3                    }
 145   2                    
 146   2                    else if (BUTTON_ST == 0)
 147   2                    {
 148   3                        nextState = YELLOWUP;
 149   3                    } 
 150   2                    
 151   2                    break;
 152   2          
 153   2                  
 154   2                case GREENWAVE:
 155   2        
 156   2                      unPushed = 1;
 157   2                      nextState = YELLOWUP;
 158   2                    
 159   2                    break;
 160   2      
 161   2                  
 162   2                default:
 163   2                    nextState = YELLOWBLINK;
 164   2                    break;
 165   2            }
 166   1        
 167   1            switch(state)
 168   1            { 
 169   2              case RED: 
 170   2                LED_RED = 0;
 171   2                LED_YELLOW = 1;
 172   2                LED_GREEN = 1;
 173   2                delay_ms(T2);
 174   2                break;
 175   2            
 176   2              case YELLOWUP:
 177   2                LED_RED = 1;
 178   2                LED_YELLOW = 0;
 179   2                LED_GREEN = 1;
C51 COMPILER V9.57.0.0   TL                                                                03/28/2018 18:06:16 PAGE 4   

 180   2                delay_ms(T1);
 181   2                break;  
 182   2            
 183   2              case YELLOWDOWN:
 184   2                LED_RED = 0;
 185   2                LED_YELLOW = 0;
 186   2                LED_GREEN = 1;
 187   2                delay_ms(T1);
 188   2                break; 
 189   2            
 190   2              case GREEN:
 191   2                LED_RED = 1;
 192   2                LED_YELLOW = 1;
 193   2                LED_GREEN = 0;
 194   2                delay_ms(T2);
 195   2                break;  
 196   2            
 197   2              case YELLOWBLINK:
 198   2                LED_RED = 1;
 199   2                LED_YELLOW = 1;
 200   2                LED_GREEN = 1;
 201   2                delay_ms(T1);
 202   2                break;  
 203   2            
 204   2              case GREENWAVE:
 205   2                LED_RED = 1;
 206   2                LED_YELLOW = 1;
 207   2                LED_GREEN = 0;
 208   2                delay_ms(T3); 
 209   2                break;  
 210   2            
 211   2              default:
 212   2                LED_RED = 1;
 213   2                LED_YELLOW = 1;
 214   2                LED_GREEN = 1;
 215   2                break;
 216   2            }
 217   1      }
 218          
 219          
 220          
 221                  
 222          
 223          
 224          
 225          
 226          
 227                  
 228          


MODULE INFORMATION:   STATIC OVERLAYABLE
   CODE SIZE        =    259    ----
   CONSTANT SIZE    =   ----    ----
   XDATA SIZE       =   ----    ----
   PDATA SIZE       =   ----    ----
   DATA SIZE        =      2    ----
   IDATA SIZE       =   ----    ----
   BIT SIZE         =      1    ----
END OF MODULE INFORMATION.


C51 COMPILATION COMPLETE.  0 WARNING(S),  0 ERROR(S)
